<?xml version="1.0" encoding="UTF-8"?>
<testng-results skipped="0" failed="0" ignored="0" total="1" passed="1">
  <reporter-output>
  </reporter-output>
  <suite name="Default suite" duration-ms="19027" started-at="2020-10-12T13:40:20Z" finished-at="2020-10-12T13:40:39Z">
    <groups>
    </groups>
    <test name="Default test" duration-ms="19027" started-at="2020-10-12T13:40:20Z" finished-at="2020-10-12T13:40:39Z">
      <class name="demo.Test1">
        <test-method status="PASS" signature="setUp()[pri:0, instance:demo.Test1@5891e32e]" name="setUp" is-config="true" duration-ms="5135" started-at="2020-10-12T13:40:20Z" finished-at="2020-10-12T13:40:25Z">
          <reporter-output>
          </reporter-output>
        </test-method> <!-- setUp -->
        <test-method status="PASS" signature="test1()[pri:0, instance:demo.Test1@5891e32e]" name="test1" duration-ms="12650" started-at="2020-10-12T13:40:25Z" finished-at="2020-10-12T13:40:38Z">
          <reporter-output>
          </reporter-output>
        </test-method> <!-- test1 -->
        <test-method status="PASS" signature="tearDown()[pri:0, instance:demo.Test1@5891e32e]" name="tearDown" is-config="true" duration-ms="1220" started-at="2020-10-12T13:40:38Z" finished-at="2020-10-12T13:40:39Z">
          <reporter-output>
          </reporter-output>
        </test-method> <!-- tearDown -->
      </class> <!-- demo.Test1 -->
    </test> <!-- Default test -->
  </suite> <!-- Default suite -->
</testng-results>
